----------------------------------------------------------------
Sun Aug 12 15:45:43 ART 2018:
Booting Derby version The Apache Software Foundation - Apache Derby - 10.11.1.2 - (1629631): instance a816c00e-0165-2f75-5516-000004e4a8f0 
on database directory C:\ArmandoProgramas\RemitoApp\RemitoApp\BaseDatos\Proveedores with class loader sun.misc.Launcher$AppClassLoader@42a57993 
Loaded from file:/C:/ArmandoProgramas/RemitoApp/RemitoApp/lib/JAVADB_DRIVER_LABEL/derby.jar
java.vendor=Oracle Corporation
java.runtime.version=1.8.0_121-b13
user.dir=C:\ArmandoProgramas\RemitoApp\RemitoApp
os.name=Windows 10
os.arch=amd64
os.version=10.0
derby.system.home=null
Database Class Loader started - derby.database.classpath=''
----------------------------------------------------------------
Sun Aug 12 15:45:48 ART 2018:
Booting Derby version The Apache Software Foundation - Apache Derby - 10.11.1.2 - (1629631): instance 582f8014-0165-2f75-5516-000004e4a8f0 
on database directory C:\ArmandoProgramas\RemitoApp\RemitoApp\BaseDatos\Productos with class loader sun.misc.Launcher$AppClassLoader@42a57993 
Loaded from file:/C:/ArmandoProgramas/RemitoApp/RemitoApp/lib/JAVADB_DRIVER_LABEL/derby.jar
java.vendor=Oracle Corporation
java.runtime.version=1.8.0_121-b13
user.dir=C:\ArmandoProgramas\RemitoApp\RemitoApp
os.name=Windows 10
os.arch=amd64
os.version=10.0
derby.system.home=null
Database Class Loader started - derby.database.classpath=''
----------------------------------------------------------------
Sun Aug 12 15:45:49 ART 2018:
Booting Derby version The Apache Software Foundation - Apache Derby - 10.11.1.2 - (1629631): instance 40348015-0165-2f75-5516-000004e4a8f0 
on database directory C:\ArmandoProgramas\RemitoApp\RemitoApp\BaseDatos\Categorias with class loader sun.misc.Launcher$AppClassLoader@42a57993 
Loaded from file:/C:/ArmandoProgramas/RemitoApp/RemitoApp/lib/JAVADB_DRIVER_LABEL/derby.jar
java.vendor=Oracle Corporation
java.runtime.version=1.8.0_121-b13
user.dir=C:\ArmandoProgramas\RemitoApp\RemitoApp
os.name=Windows 10
os.arch=amd64
os.version=10.0
derby.system.home=null
Database Class Loader started - derby.database.classpath=''
----------------------------------------------------------------
Sun Aug 12 15:45:49 ART 2018:
Booting Derby version The Apache Software Foundation - Apache Derby - 10.11.1.2 - (1629631): instance 004b0019-0165-2f75-5516-000004e4a8f0 
on database directory C:\ArmandoProgramas\RemitoApp\RemitoApp\BaseDatos\Ubicacion with class loader sun.misc.Launcher$AppClassLoader@42a57993 
Loaded from file:/C:/ArmandoProgramas/RemitoApp/RemitoApp/lib/JAVADB_DRIVER_LABEL/derby.jar
java.vendor=Oracle Corporation
java.runtime.version=1.8.0_121-b13
user.dir=C:\ArmandoProgramas\RemitoApp\RemitoApp
os.name=Windows 10
os.arch=amd64
os.version=10.0
derby.system.home=null
Database Class Loader started - derby.database.classpath=''
----------------------------------------------------------------
Sun Aug 12 15:45:49 ART 2018:
Booting Derby version The Apache Software Foundation - Apache Derby - 10.11.1.2 - (1629631): instance c065801d-0165-2f75-5516-000004e4a8f0 
on database directory C:\ArmandoProgramas\RemitoApp\RemitoApp\BaseDatos\Marcas with class loader sun.misc.Launcher$AppClassLoader@42a57993 
Loaded from file:/C:/ArmandoProgramas/RemitoApp/RemitoApp/lib/JAVADB_DRIVER_LABEL/derby.jar
java.vendor=Oracle Corporation
java.runtime.version=1.8.0_121-b13
user.dir=C:\ArmandoProgramas\RemitoApp\RemitoApp
os.name=Windows 10
os.arch=amd64
os.version=10.0
derby.system.home=null
Database Class Loader started - derby.database.classpath=''
